ARM GAS  C:\Users\Aletter1\AppData\Local\Temp\ccAG3zD7.s 			page 1


   1              		.cpu cortex-m4
   2              		.arch armv7e-m
   3              		.fpu fpv4-sp-d16
   4              		.eabi_attribute 27, 1
   5              		.eabi_attribute 28, 1
   6              		.eabi_attribute 20, 1
   7              		.eabi_attribute 21, 1
   8              		.eabi_attribute 23, 3
   9              		.eabi_attribute 24, 1
  10              		.eabi_attribute 25, 1
  11              		.eabi_attribute 26, 1
  12              		.eabi_attribute 30, 1
  13              		.eabi_attribute 34, 1
  14              		.eabi_attribute 18, 4
  15              		.file	"dma.c"
  16              		.text
  17              	.Ltext0:
  18              		.cfi_sections	.debug_frame
  19              		.section	.text.MX_DMA_Init,"ax",%progbits
  20              		.align	1
  21              		.global	MX_DMA_Init
  22              		.syntax unified
  23              		.thumb
  24              		.thumb_func
  26              	MX_DMA_Init:
  27              	.LFB141:
  28              		.file 1 "BSP/Src/dma.c"
   1:BSP/Src/dma.c **** /* Includes ------------------------------------------------------------------*/
   2:BSP/Src/dma.c **** #include "dma.h"
   3:BSP/Src/dma.c **** #include "usart.h"
   4:BSP/Src/dma.c **** /* USER CODE BEGIN 0 */
   5:BSP/Src/dma.c **** 
   6:BSP/Src/dma.c **** /* USER CODE END 0 */
   7:BSP/Src/dma.c **** 
   8:BSP/Src/dma.c **** /*----------------------------------------------------------------------------*/
   9:BSP/Src/dma.c **** /* Configure DMA                                                              */
  10:BSP/Src/dma.c **** /*----------------------------------------------------------------------------*/
  11:BSP/Src/dma.c **** 
  12:BSP/Src/dma.c **** /* USER CODE BEGIN 1 */
  13:BSP/Src/dma.c **** 
  14:BSP/Src/dma.c **** /* USER CODE END 1 */
  15:BSP/Src/dma.c **** 
  16:BSP/Src/dma.c **** /**
  17:BSP/Src/dma.c ****  * Enable DMA controller clock
  18:BSP/Src/dma.c ****  */
  19:BSP/Src/dma.c **** void MX_DMA_Init(void)
  20:BSP/Src/dma.c **** {
  29              		.loc 1 20 1 view -0
  30              		.cfi_startproc
  31              		@ args = 0, pretend = 0, frame = 8
  32              		@ frame_needed = 0, uses_anonymous_args = 0
  33 0000 10B5     		push	{r4, lr}
  34              	.LCFI0:
  35              		.cfi_def_cfa_offset 8
  36              		.cfi_offset 4, -8
  37              		.cfi_offset 14, -4
  38 0002 82B0     		sub	sp, sp, #8
ARM GAS  C:\Users\Aletter1\AppData\Local\Temp\ccAG3zD7.s 			page 2


  39              	.LCFI1:
  40              		.cfi_def_cfa_offset 16
  21:BSP/Src/dma.c ****   /* DMA controller clock enable */
  22:BSP/Src/dma.c ****   __HAL_RCC_DMA2_CLK_ENABLE();
  41              		.loc 1 22 3 view .LVU1
  42              	.LBB2:
  43              		.loc 1 22 3 view .LVU2
  44 0004 0024     		movs	r4, #0
  45 0006 0194     		str	r4, [sp, #4]
  46              		.loc 1 22 3 view .LVU3
  47 0008 0D4B     		ldr	r3, .L3
  48 000a 1A6B     		ldr	r2, [r3, #48]
  49 000c 42F48002 		orr	r2, r2, #4194304
  50 0010 1A63     		str	r2, [r3, #48]
  51              		.loc 1 22 3 view .LVU4
  52 0012 1B6B     		ldr	r3, [r3, #48]
  53 0014 03F48003 		and	r3, r3, #4194304
  54 0018 0193     		str	r3, [sp, #4]
  55              		.loc 1 22 3 view .LVU5
  56 001a 019B     		ldr	r3, [sp, #4]
  57              	.LBE2:
  58              		.loc 1 22 3 view .LVU6
  23:BSP/Src/dma.c **** 
  24:BSP/Src/dma.c ****   /* DMA interrupt init */
  25:BSP/Src/dma.c **** #if uart1_tx_dma
  26:BSP/Src/dma.c ****   /* DMA2_Stream2_IRQn interrupt configuration */
  27:BSP/Src/dma.c ****   HAL_NVIC_SetPriority(DMA2_Stream7_IRQn, 5, 0);
  59              		.loc 1 27 3 view .LVU7
  60 001c 2246     		mov	r2, r4
  61 001e 0521     		movs	r1, #5
  62 0020 4620     		movs	r0, #70
  63 0022 FFF7FEFF 		bl	HAL_NVIC_SetPriority
  64              	.LVL0:
  28:BSP/Src/dma.c ****   HAL_NVIC_EnableIRQ(DMA2_Stream7_IRQn);
  65              		.loc 1 28 3 view .LVU8
  66 0026 4620     		movs	r0, #70
  67 0028 FFF7FEFF 		bl	HAL_NVIC_EnableIRQ
  68              	.LVL1:
  29:BSP/Src/dma.c **** #endif //
  30:BSP/Src/dma.c **** #if uart1_rx_dma
  31:BSP/Src/dma.c ****   /* DMA2_Stream7_IRQn interrupt configuration */
  32:BSP/Src/dma.c ****   HAL_NVIC_SetPriority(DMA2_Stream2_IRQn, 5, 0);
  69              		.loc 1 32 3 view .LVU9
  70 002c 2246     		mov	r2, r4
  71 002e 0521     		movs	r1, #5
  72 0030 3A20     		movs	r0, #58
  73 0032 FFF7FEFF 		bl	HAL_NVIC_SetPriority
  74              	.LVL2:
  33:BSP/Src/dma.c ****   HAL_NVIC_EnableIRQ(DMA2_Stream2_IRQn);
  75              		.loc 1 33 3 view .LVU10
  76 0036 3A20     		movs	r0, #58
  77 0038 FFF7FEFF 		bl	HAL_NVIC_EnableIRQ
  78              	.LVL3:
  34:BSP/Src/dma.c **** #endif //
  35:BSP/Src/dma.c **** }
  79              		.loc 1 35 1 is_stmt 0 view .LVU11
  80 003c 02B0     		add	sp, sp, #8
ARM GAS  C:\Users\Aletter1\AppData\Local\Temp\ccAG3zD7.s 			page 3


  81              	.LCFI2:
  82              		.cfi_def_cfa_offset 8
  83              		@ sp needed
  84 003e 10BD     		pop	{r4, pc}
  85              	.L4:
  86              		.align	2
  87              	.L3:
  88 0040 00380240 		.word	1073887232
  89              		.cfi_endproc
  90              	.LFE141:
  92              		.text
  93              	.Letext0:
  94              		.file 2 "d:\\program files (x86)\\gnutools\\gcc-arm-none-eabi-win32\\arm-none-eabi\\include\\machi
  95              		.file 3 "d:\\program files (x86)\\gnutools\\gcc-arm-none-eabi-win32\\arm-none-eabi\\include\\sys\\
  96              		.file 4 "Drivers/CMSIS/Device/ST/STM32F4xx/Include/stm32f407xx.h"
  97              		.file 5 "Drivers/STM32F4xx_HAL_Driver/Inc/stm32f4xx_hal_cortex.h"
ARM GAS  C:\Users\Aletter1\AppData\Local\Temp\ccAG3zD7.s 			page 4


DEFINED SYMBOLS
                            *ABS*:00000000 dma.c
C:\Users\Aletter1\AppData\Local\Temp\ccAG3zD7.s:20     .text.MX_DMA_Init:00000000 $t
C:\Users\Aletter1\AppData\Local\Temp\ccAG3zD7.s:26     .text.MX_DMA_Init:00000000 MX_DMA_Init
C:\Users\Aletter1\AppData\Local\Temp\ccAG3zD7.s:88     .text.MX_DMA_Init:00000040 $d

UNDEFINED SYMBOLS
HAL_NVIC_SetPriority
HAL_NVIC_EnableIRQ
