ARM GAS  C:\Users\Aletter1\AppData\Local\Temp\cc720fef.s 			page 1


   1              		.cpu cortex-m4
   2              		.arch armv7e-m
   3              		.fpu fpv4-sp-d16
   4              		.eabi_attribute 27, 1
   5              		.eabi_attribute 28, 1
   6              		.eabi_attribute 20, 1
   7              		.eabi_attribute 21, 1
   8              		.eabi_attribute 23, 3
   9              		.eabi_attribute 24, 1
  10              		.eabi_attribute 25, 1
  11              		.eabi_attribute 26, 1
  12              		.eabi_attribute 30, 1
  13              		.eabi_attribute 34, 1
  14              		.eabi_attribute 18, 4
  15              		.file	"freertos.c"
  16              		.text
  17              	.Ltext0:
  18              		.cfi_sections	.debug_frame
  19              		.section	.rodata.start_task.str1.4,"aMS",%progbits,1
  20              		.align	2
  21              	.LC0:
  22 0000 7461736B 		.ascii	"task1\000"
  22      3100
  23 0006 0000     		.align	2
  24              	.LC1:
  25 0008 7461736B 		.ascii	"task2\000"
  25      3200
  26 000e 0000     		.align	2
  27              	.LC2:
  28 0010 7461736B 		.ascii	"task3\000"
  28      3300
  29              		.section	.text.start_task,"ax",%progbits
  30              		.align	1
  31              		.global	start_task
  32              		.syntax unified
  33              		.thumb
  34              		.thumb_func
  36              	start_task:
  37              	.LVL0:
  38              	.LFB142:
  39              		.file 1 "APP/freertos.c"
   1:APP/freertos.c **** /* USER CODE BEGIN Header */
   2:APP/freertos.c **** /**
   3:APP/freertos.c ****  ******************************************************************************
   4:APP/freertos.c ****  * File Name          : freertos.c
   5:APP/freertos.c ****  * Description        : Code for freertos applications
   6:APP/freertos.c ****  ******************************************************************************
   7:APP/freertos.c ****  * @attention
   8:APP/freertos.c ****  *
   9:APP/freertos.c ****  * Copyright (c) 2024 STMicroelectronics.
  10:APP/freertos.c ****  * All rights reserved.
  11:APP/freertos.c ****  *
  12:APP/freertos.c ****  * This software is licensed under terms that can be found in the LICENSE file
  13:APP/freertos.c ****  * in the root directory of this software component.
  14:APP/freertos.c ****  * If no LICENSE file comes with this software, it is provided AS-IS.
  15:APP/freertos.c ****  *
  16:APP/freertos.c ****  ******************************************************************************
ARM GAS  C:\Users\Aletter1\AppData\Local\Temp\cc720fef.s 			page 2


  17:APP/freertos.c ****  */
  18:APP/freertos.c **** /* USER CODE END Header */
  19:APP/freertos.c **** 
  20:APP/freertos.c **** /* Includes ------------------------------------------------------------------*/
  21:APP/freertos.c **** #include "FreeRTOS.h"
  22:APP/freertos.c **** #include "task.h"
  23:APP/freertos.c **** #include "main.h"
  24:APP/freertos.c **** #include "cmsis_os.h"
  25:APP/freertos.c **** 
  26:APP/freertos.c **** /* Private includes ----------------------------------------------------------*/
  27:APP/freertos.c **** /* USER BSP CODE BEGIN Includes */
  28:APP/freertos.c **** #include "gpio.h"
  29:APP/freertos.c **** #include "usart.h"
  30:APP/freertos.c **** #include "exti.h"
  31:APP/freertos.c **** /* USER Function CODE BEGIN Includes */
  32:APP/freertos.c **** #include "led.h"
  33:APP/freertos.c **** #include "key.h"
  34:APP/freertos.c **** /* USER CODE END Includes */
  35:APP/freertos.c **** 
  36:APP/freertos.c **** /* Private typedef -----------------------------------------------------------*/
  37:APP/freertos.c **** /* USER CODE BEGIN PTD */
  38:APP/freertos.c **** #define START_TASK_PRIO 1
  39:APP/freertos.c **** #define START_STK_SIZE  128
  40:APP/freertos.c **** TaskHandle_t StartTask_Handler;
  41:APP/freertos.c **** void start_task(void *pvParameters);
  42:APP/freertos.c **** 
  43:APP/freertos.c **** #define TASK1_PRIO     5
  44:APP/freertos.c **** #define TASK1_STK_SIZE 512
  45:APP/freertos.c **** TaskHandle_t Task1Task_Handler;
  46:APP/freertos.c **** void task1(void *pvParameters);
  47:APP/freertos.c **** 
  48:APP/freertos.c **** #define TASK2_PRIO     5
  49:APP/freertos.c **** #define TASK2_STK_SIZE 128
  50:APP/freertos.c **** TaskHandle_t Task2Task_Handler;
  51:APP/freertos.c **** void task2(void *pvParameters);
  52:APP/freertos.c **** 
  53:APP/freertos.c **** #define TASK3_PRIO     5
  54:APP/freertos.c **** #define TASK3_STK_SIZE 128
  55:APP/freertos.c **** TaskHandle_t Task3Task_Handler;
  56:APP/freertos.c **** void task3(void *pvParameters);
  57:APP/freertos.c **** /* USER CODE END PTD */
  58:APP/freertos.c **** 
  59:APP/freertos.c **** /* Private define ------------------------------------------------------------*/
  60:APP/freertos.c **** /* USER CODE BEGIN PD */
  61:APP/freertos.c **** 
  62:APP/freertos.c **** /* USER CODE END PD */
  63:APP/freertos.c **** 
  64:APP/freertos.c **** /* Private macro -------------------------------------------------------------*/
  65:APP/freertos.c **** /* USER CODE BEGIN PM */
  66:APP/freertos.c **** 
  67:APP/freertos.c **** /* USER CODE END PM */
  68:APP/freertos.c **** 
  69:APP/freertos.c **** /* Private variables ---------------------------------------------------------*/
  70:APP/freertos.c **** /* USER CODE BEGIN Variables */
  71:APP/freertos.c **** 
  72:APP/freertos.c **** /* USER CODE END Variables */
  73:APP/freertos.c **** /* Definitions for defaultTask */
ARM GAS  C:\Users\Aletter1\AppData\Local\Temp\cc720fef.s 			page 3


  74:APP/freertos.c **** osThreadId_t defaultTaskHandle;
  75:APP/freertos.c **** const osThreadAttr_t defaultTask_attributes = {
  76:APP/freertos.c ****     .name       = "defaultTask",
  77:APP/freertos.c ****     .stack_size = 128 * 4,
  78:APP/freertos.c ****     .priority   = (osPriority_t)osPriorityNormal,
  79:APP/freertos.c **** };
  80:APP/freertos.c **** 
  81:APP/freertos.c **** /* Private function prototypes -----------------------------------------------*/
  82:APP/freertos.c **** /* USER CODE BEGIN FunctionPrototypes */
  83:APP/freertos.c **** 
  84:APP/freertos.c **** /* USER CODE END FunctionPrototypes */
  85:APP/freertos.c **** 
  86:APP/freertos.c **** void StartDefaultTask(void *argument);
  87:APP/freertos.c **** 
  88:APP/freertos.c **** void MX_FREERTOS_Init(void); /* (MISRA C 2004 rule 8.1) */
  89:APP/freertos.c **** 
  90:APP/freertos.c **** /**
  91:APP/freertos.c ****  * @brief  FreeRTOS initialization
  92:APP/freertos.c ****  * @param  None
  93:APP/freertos.c ****  * @retval None
  94:APP/freertos.c ****  */
  95:APP/freertos.c **** void MX_FREERTOS_Init(void)
  96:APP/freertos.c **** {
  97:APP/freertos.c ****   /* USER CODE BEGIN Init */
  98:APP/freertos.c **** 
  99:APP/freertos.c ****   /* USER CODE END Init */
 100:APP/freertos.c **** 
 101:APP/freertos.c ****   /* USER CODE BEGIN RTOS_MUTEX */
 102:APP/freertos.c ****   /* add mutexes, ... */
 103:APP/freertos.c ****   /* USER CODE END RTOS_MUTEX */
 104:APP/freertos.c **** 
 105:APP/freertos.c ****   /* USER CODE BEGIN RTOS_SEMAPHORES */
 106:APP/freertos.c ****   /* add semaphores, ... */
 107:APP/freertos.c ****   /* USER CODE END RTOS_SEMAPHORES */
 108:APP/freertos.c **** 
 109:APP/freertos.c ****   /* USER CODE BEGIN RTOS_TIMERS */
 110:APP/freertos.c ****   /* start timers, add new ones, ... */
 111:APP/freertos.c ****   /* USER CODE END RTOS_TIMERS */
 112:APP/freertos.c **** 
 113:APP/freertos.c ****   /* USER CODE BEGIN RTOS_QUEUES */
 114:APP/freertos.c ****   /* add queues, ... */
 115:APP/freertos.c ****   /* USER CODE END RTOS_QUEUES */
 116:APP/freertos.c **** 
 117:APP/freertos.c ****   /* Create the thread(s) */
 118:APP/freertos.c ****   /* creation of defaultTask */
 119:APP/freertos.c ****   xTaskCreate((TaskFunction_t)start_task,
 120:APP/freertos.c ****               (const char *)"start_task",
 121:APP/freertos.c ****               (uint16_t)START_STK_SIZE,
 122:APP/freertos.c ****               (void *)NULL,
 123:APP/freertos.c ****               (UBaseType_t)START_TASK_PRIO,
 124:APP/freertos.c ****               (TaskHandle_t *)&StartTask_Handler);
 125:APP/freertos.c ****   vTaskStartScheduler();
 126:APP/freertos.c **** 
 127:APP/freertos.c ****   /* USER CODE BEGIN RTOS_THREADS */
 128:APP/freertos.c ****   /* add threads, ... */
 129:APP/freertos.c ****   /* USER CODE END RTOS_THREADS */
 130:APP/freertos.c **** 
ARM GAS  C:\Users\Aletter1\AppData\Local\Temp\cc720fef.s 			page 4


 131:APP/freertos.c ****   /* USER CODE BEGIN RTOS_EVENTS */
 132:APP/freertos.c ****   /* add events, ... */
 133:APP/freertos.c ****   /* USER CODE END RTOS_EVENTS */
 134:APP/freertos.c **** }
 135:APP/freertos.c **** 
 136:APP/freertos.c **** /* USER CODE BEGIN Header_StartDefaultTask */
 137:APP/freertos.c **** void start_task(void *pvParameters)
 138:APP/freertos.c **** {
  40              		.loc 1 138 1 view -0
  41              		.cfi_startproc
  42              		@ args = 0, pretend = 0, frame = 0
  43              		@ frame_needed = 0, uses_anonymous_args = 0
  44              		.loc 1 138 1 is_stmt 0 view .LVU1
  45 0000 10B5     		push	{r4, lr}
  46              	.LCFI0:
  47              		.cfi_def_cfa_offset 8
  48              		.cfi_offset 4, -8
  49              		.cfi_offset 14, -4
  50 0002 82B0     		sub	sp, sp, #8
  51              	.LCFI1:
  52              		.cfi_def_cfa_offset 16
 139:APP/freertos.c ****   taskENTER_CRITICAL();
  53              		.loc 1 139 3 is_stmt 1 view .LVU2
  54 0004 FFF7FEFF 		bl	vPortEnterCritical
  55              	.LVL1:
 140:APP/freertos.c ****   xTaskCreate((TaskFunction_t)task1,
  56              		.loc 1 140 3 view .LVU3
  57 0008 134B     		ldr	r3, .L3
  58 000a 0193     		str	r3, [sp, #4]
  59 000c 0524     		movs	r4, #5
  60 000e 0094     		str	r4, [sp]
  61 0010 0023     		movs	r3, #0
  62 0012 4FF40072 		mov	r2, #512
  63 0016 1149     		ldr	r1, .L3+4
  64 0018 1148     		ldr	r0, .L3+8
  65 001a FFF7FEFF 		bl	xTaskCreate
  66              	.LVL2:
 141:APP/freertos.c ****               (const char *)"task1",
 142:APP/freertos.c ****               (uint16_t)TASK1_STK_SIZE,
 143:APP/freertos.c ****               (void *)NULL,
 144:APP/freertos.c ****               (UBaseType_t)TASK1_PRIO,
 145:APP/freertos.c ****               (TaskHandle_t *)&Task1Task_Handler);
 146:APP/freertos.c ****   xTaskCreate((TaskFunction_t)task2,
  67              		.loc 1 146 3 view .LVU4
  68 001e 114B     		ldr	r3, .L3+12
  69 0020 0193     		str	r3, [sp, #4]
  70 0022 0094     		str	r4, [sp]
  71 0024 0023     		movs	r3, #0
  72 0026 8022     		movs	r2, #128
  73 0028 0F49     		ldr	r1, .L3+16
  74 002a 1048     		ldr	r0, .L3+20
  75 002c FFF7FEFF 		bl	xTaskCreate
  76              	.LVL3:
 147:APP/freertos.c ****               (const char *)"task2",
 148:APP/freertos.c ****               (uint16_t)TASK2_STK_SIZE,
 149:APP/freertos.c ****               (void *)NULL,
 150:APP/freertos.c ****               (UBaseType_t)TASK2_PRIO,
ARM GAS  C:\Users\Aletter1\AppData\Local\Temp\cc720fef.s 			page 5


 151:APP/freertos.c ****               (TaskHandle_t *)&Task2Task_Handler);
 152:APP/freertos.c ****   xTaskCreate((TaskFunction_t)task3,
  77              		.loc 1 152 3 view .LVU5
  78 0030 0F4B     		ldr	r3, .L3+24
  79 0032 0193     		str	r3, [sp, #4]
  80 0034 0094     		str	r4, [sp]
  81 0036 0023     		movs	r3, #0
  82 0038 8022     		movs	r2, #128
  83 003a 0E49     		ldr	r1, .L3+28
  84 003c 0E48     		ldr	r0, .L3+32
  85 003e FFF7FEFF 		bl	xTaskCreate
  86              	.LVL4:
 153:APP/freertos.c ****               (const char *)"task3",
 154:APP/freertos.c ****               (uint16_t)TASK3_STK_SIZE,
 155:APP/freertos.c ****               (void *)NULL,
 156:APP/freertos.c ****               (UBaseType_t)TASK3_PRIO,
 157:APP/freertos.c ****               (TaskHandle_t *)&Task3Task_Handler);
 158:APP/freertos.c ****   EXTI_Queue_Init();
  87              		.loc 1 158 3 view .LVU6
  88 0042 FFF7FEFF 		bl	EXTI_Queue_Init
  89              	.LVL5:
 159:APP/freertos.c ****   vTaskDelete(StartTask_Handler);
  90              		.loc 1 159 3 view .LVU7
  91 0046 0D4B     		ldr	r3, .L3+36
  92 0048 1868     		ldr	r0, [r3]
  93 004a FFF7FEFF 		bl	vTaskDelete
  94              	.LVL6:
 160:APP/freertos.c ****   taskEXIT_CRITICAL();
  95              		.loc 1 160 3 view .LVU8
  96 004e FFF7FEFF 		bl	vPortExitCritical
  97              	.LVL7:
 161:APP/freertos.c **** }
  98              		.loc 1 161 1 is_stmt 0 view .LVU9
  99 0052 02B0     		add	sp, sp, #8
 100              	.LCFI2:
 101              		.cfi_def_cfa_offset 8
 102              		@ sp needed
 103 0054 10BD     		pop	{r4, pc}
 104              	.L4:
 105 0056 00BF     		.align	2
 106              	.L3:
 107 0058 00000000 		.word	.LANCHOR0
 108 005c 00000000 		.word	.LC0
 109 0060 00000000 		.word	task1
 110 0064 00000000 		.word	.LANCHOR1
 111 0068 08000000 		.word	.LC1
 112 006c 00000000 		.word	task2
 113 0070 00000000 		.word	.LANCHOR2
 114 0074 10000000 		.word	.LC2
 115 0078 00000000 		.word	task3
 116 007c 00000000 		.word	.LANCHOR3
 117              		.cfi_endproc
 118              	.LFE142:
 120              		.section	.text.task1,"ax",%progbits
 121              		.align	1
 122              		.global	task1
 123              		.syntax unified
ARM GAS  C:\Users\Aletter1\AppData\Local\Temp\cc720fef.s 			page 6


 124              		.thumb
 125              		.thumb_func
 127              	task1:
 128              	.LFB143:
 162:APP/freertos.c **** /**
 163:APP/freertos.c ****  * @brief  Function implementing the defaultTask thread.
 164:APP/freertos.c ****  * @param  argument: Not used
 165:APP/freertos.c ****  * @retval None
 166:APP/freertos.c ****  */
 167:APP/freertos.c **** /* USER CODE END Header_StartDefaultTask */
 168:APP/freertos.c **** 
 169:APP/freertos.c **** /* Private application code --------------------------------------------------*/
 170:APP/freertos.c **** /* USER CODE BEGIN Application */
 171:APP/freertos.c **** void task1(void *pvParameters)
 172:APP/freertos.c **** {
 129              		.loc 1 172 1 is_stmt 1 view -0
 130              		.cfi_startproc
 131              		@ Volatile: function does not return.
 132              		@ args = 0, pretend = 0, frame = 0
 133              		@ frame_needed = 0, uses_anonymous_args = 0
 134              	.LVL8:
 135              		.loc 1 172 1 is_stmt 0 view .LVU11
 136 0000 08B5     		push	{r3, lr}
 137              	.LCFI3:
 138              		.cfi_def_cfa_offset 8
 139              		.cfi_offset 3, -8
 140              		.cfi_offset 14, -4
 141              	.LVL9:
 142              	.L6:
 173:APP/freertos.c ****   while (1) {
 143              		.loc 1 173 3 is_stmt 1 discriminator 1 view .LVU12
 174:APP/freertos.c **** 
 175:APP/freertos.c ****     vTaskDelay(500);
 144              		.loc 1 175 5 discriminator 1 view .LVU13
 145 0002 4FF4FA70 		mov	r0, #500
 146 0006 FFF7FEFF 		bl	vTaskDelay
 147              	.LVL10:
 173:APP/freertos.c ****   while (1) {
 148              		.loc 1 173 9 discriminator 1 view .LVU14
 149 000a FAE7     		b	.L6
 150              		.cfi_endproc
 151              	.LFE143:
 153              		.section	.rodata.task2.str1.4,"aMS",%progbits,1
 154              		.align	2
 155              	.LC3:
 156 0000 7461736B 		.ascii	"task2 init ok\015\000"
 156      3220696E 
 156      6974206F 
 156      6B0D00
 157 000f 00       		.align	2
 158              	.LC4:
 159 0010 75617274 		.ascii	"uart1 init ok\015\012\000"
 159      3120696E 
 159      6974206F 
 159      6B0D0A00 
 160              		.align	2
 161              	.LC5:
ARM GAS  C:\Users\Aletter1\AppData\Local\Temp\cc720fef.s 			page 7


 162 0020 636E743A 		.ascii	"cnt: %d , data: %c\015\012\000"
 162      20256420 
 162      2C206461 
 162      74613A20 
 162      25630D0A 
 163              		.section	.text.task2,"ax",%progbits
 164              		.align	1
 165              		.global	task2
 166              		.syntax unified
 167              		.thumb
 168              		.thumb_func
 170              	task2:
 171              	.LVL11:
 172              	.LFB144:
 176:APP/freertos.c ****   }
 177:APP/freertos.c **** }
 178:APP/freertos.c **** 
 179:APP/freertos.c **** void task2(void *pvParameters)
 180:APP/freertos.c **** {
 173              		.loc 1 180 1 view -0
 174              		.cfi_startproc
 175              		@ args = 0, pretend = 0, frame = 256
 176              		@ frame_needed = 0, uses_anonymous_args = 0
 177              		.loc 1 180 1 is_stmt 0 view .LVU16
 178 0000 70B5     		push	{r4, r5, r6, lr}
 179              	.LCFI4:
 180              		.cfi_def_cfa_offset 16
 181              		.cfi_offset 4, -16
 182              		.cfi_offset 5, -12
 183              		.cfi_offset 6, -8
 184              		.cfi_offset 14, -4
 185 0002 C0B0     		sub	sp, sp, #256
 186              	.LCFI5:
 187              		.cfi_def_cfa_offset 272
 181:APP/freertos.c ****   printf("task2 init ok\r\n");
 188              		.loc 1 181 3 is_stmt 1 view .LVU17
 189 0004 1348     		ldr	r0, .L14
 190              	.LVL12:
 191              		.loc 1 181 3 is_stmt 0 view .LVU18
 192 0006 FFF7FEFF 		bl	puts
 193              	.LVL13:
 182:APP/freertos.c ****   struct UART_Device *UART_pDev = &stm32_uart1;
 194              		.loc 1 182 3 is_stmt 1 view .LVU19
 183:APP/freertos.c ****   struct UART_Data *uart_data   = UART_pDev->priv_data;
 195              		.loc 1 183 3 view .LVU20
 196              		.loc 1 183 21 is_stmt 0 view .LVU21
 197 000a 134D     		ldr	r5, .L14+4
 198 000c EC68     		ldr	r4, [r5, #12]
 199              	.LVL14:
 184:APP/freertos.c ****   uint8_t uart_rxbuf[256];
 200              		.loc 1 184 3 is_stmt 1 view .LVU22
 185:APP/freertos.c ****   UART_pDev->Init(UART_pDev);
 201              		.loc 1 185 3 view .LVU23
 202              		.loc 1 185 12 is_stmt 0 view .LVU24
 203 000e 2B68     		ldr	r3, [r5]
 204              		.loc 1 185 3 view .LVU25
 205 0010 2846     		mov	r0, r5
ARM GAS  C:\Users\Aletter1\AppData\Local\Temp\cc720fef.s 			page 8


 206 0012 9847     		blx	r3
 207              	.LVL15:
 186:APP/freertos.c ****   UART_pDev->send(UART_pDev, "uart1 init ok\r\n", 16, 20);
 208              		.loc 1 186 3 is_stmt 1 view .LVU26
 209              		.loc 1 186 12 is_stmt 0 view .LVU27
 210 0014 6E68     		ldr	r6, [r5, #4]
 211              		.loc 1 186 3 view .LVU28
 212 0016 1423     		movs	r3, #20
 213 0018 1022     		movs	r2, #16
 214 001a 1049     		ldr	r1, .L14+8
 215 001c 2846     		mov	r0, r5
 216 001e B047     		blx	r6
 217              	.LVL16:
 218 0020 06E0     		b	.L9
 219              	.L13:
 187:APP/freertos.c ****   while (1) {
 188:APP/freertos.c ****     if (pdTRUE == UART_pDev->recv(UART_pDev, uart_rxbuf, 10)) {
 189:APP/freertos.c ****       printf("cnt: %d , data: %c\r\n", uart_data->rx_cnt, uart_rxbuf[uart_data->rx_cnt - 1]);
 220              		.loc 1 189 7 is_stmt 1 view .LVU29
 221              		.loc 1 189 49 is_stmt 0 view .LVU30
 222 0022 A18E     		ldrh	r1, [r4, #52]
 223              		.loc 1 189 88 view .LVU31
 224 0024 4B1E     		subs	r3, r1, #1
 225              		.loc 1 189 7 view .LVU32
 226 0026 1DF80320 		ldrb	r2, [sp, r3]	@ zero_extendqisi2
 227 002a 0D48     		ldr	r0, .L14+12
 228 002c FFF7FEFF 		bl	printf
 229              	.LVL17:
 230              	.L9:
 187:APP/freertos.c ****   while (1) {
 231              		.loc 1 187 3 is_stmt 1 view .LVU33
 188:APP/freertos.c ****       printf("cnt: %d , data: %c\r\n", uart_data->rx_cnt, uart_rxbuf[uart_data->rx_cnt - 1]);
 232              		.loc 1 188 5 view .LVU34
 188:APP/freertos.c ****       printf("cnt: %d , data: %c\r\n", uart_data->rx_cnt, uart_rxbuf[uart_data->rx_cnt - 1]);
 233              		.loc 1 188 28 is_stmt 0 view .LVU35
 234 0030 0948     		ldr	r0, .L14+4
 235 0032 8368     		ldr	r3, [r0, #8]
 188:APP/freertos.c ****       printf("cnt: %d , data: %c\r\n", uart_data->rx_cnt, uart_rxbuf[uart_data->rx_cnt - 1]);
 236              		.loc 1 188 19 view .LVU36
 237 0034 0A22     		movs	r2, #10
 238 0036 6946     		mov	r1, sp
 239 0038 9847     		blx	r3
 240              	.LVL18:
 188:APP/freertos.c ****       printf("cnt: %d , data: %c\r\n", uart_data->rx_cnt, uart_rxbuf[uart_data->rx_cnt - 1]);
 241              		.loc 1 188 8 view .LVU37
 242 003a 0128     		cmp	r0, #1
 243 003c F1D0     		beq	.L13
 190:APP/freertos.c ****     } else if (uart_data->rx_cnt > 0) {
 244              		.loc 1 190 12 is_stmt 1 view .LVU38
 245              		.loc 1 190 25 is_stmt 0 view .LVU39
 246 003e A38E     		ldrh	r3, [r4, #52]
 247              		.loc 1 190 15 view .LVU40
 248 0040 002B     		cmp	r3, #0
 249 0042 F5D0     		beq	.L9
 191:APP/freertos.c ****       // UART_pDev->send(UART_pDev, "recvive finish, recv buf:", 26, 1);
 192:APP/freertos.c ****       // UART_pDev->send(UART_pDev, uart_rxbuf, uart_data->rx_cnt, 20);
 193:APP/freertos.c ****       uart_data->rx_cnt = 0;
ARM GAS  C:\Users\Aletter1\AppData\Local\Temp\cc720fef.s 			page 9


 250              		.loc 1 193 7 is_stmt 1 view .LVU41
 251              		.loc 1 193 25 is_stmt 0 view .LVU42
 252 0044 0021     		movs	r1, #0
 253 0046 A186     		strh	r1, [r4, #52]	@ movhi
 194:APP/freertos.c ****       memset(uart_rxbuf, 0, uart1_buf_len);
 254              		.loc 1 194 7 is_stmt 1 view .LVU43
 255 0048 4FF48072 		mov	r2, #256
 256 004c 6846     		mov	r0, sp
 257 004e FFF7FEFF 		bl	memset
 258              	.LVL19:
 259 0052 EDE7     		b	.L9
 260              	.L15:
 261              		.align	2
 262              	.L14:
 263 0054 00000000 		.word	.LC3
 264 0058 00000000 		.word	stm32_uart1
 265 005c 10000000 		.word	.LC4
 266 0060 20000000 		.word	.LC5
 267              		.cfi_endproc
 268              	.LFE144:
 270              		.section	.rodata.task3.str1.4,"aMS",%progbits,1
 271              		.align	2
 272              	.LC6:
 273 0000 6B657930 		.ascii	"key0\015\000"
 273      0D00
 274 0006 0000     		.align	2
 275              	.LC7:
 276 0008 6B657931 		.ascii	"key1\015\000"
 276      0D00
 277 000e 0000     		.align	2
 278              	.LC8:
 279 0010 6B657932 		.ascii	"key2\015\000"
 279      0D00
 280              		.section	.text.task3,"ax",%progbits
 281              		.align	1
 282              		.global	task3
 283              		.syntax unified
 284              		.thumb
 285              		.thumb_func
 287              	task3:
 288              	.LFB145:
 195:APP/freertos.c ****     }
 196:APP/freertos.c ****   }
 197:APP/freertos.c **** }
 198:APP/freertos.c **** 
 199:APP/freertos.c **** void task3(void *pvParameters)
 200:APP/freertos.c **** {
 289              		.loc 1 200 1 view -0
 290              		.cfi_startproc
 291              		@ Volatile: function does not return.
 292              		@ args = 0, pretend = 0, frame = 8
 293              		@ frame_needed = 0, uses_anonymous_args = 0
 294              	.LVL20:
 295              		.loc 1 200 1 is_stmt 0 view .LVU45
 296 0000 00B5     		push	{lr}
 297              	.LCFI6:
 298              		.cfi_def_cfa_offset 4
ARM GAS  C:\Users\Aletter1\AppData\Local\Temp\cc720fef.s 			page 10


 299              		.cfi_offset 14, -4
 300 0002 83B0     		sub	sp, sp, #12
 301              	.LCFI7:
 302              		.cfi_def_cfa_offset 16
 303 0004 0DE0     		b	.L20
 304              	.LVL21:
 305              	.L22:
 201:APP/freertos.c ****   uint8_t key0_vaule;
 202:APP/freertos.c ****   uint8_t key1_vaule;
 203:APP/freertos.c ****   uint8_t key2_vaule;
 204:APP/freertos.c ****   while (1) {
 205:APP/freertos.c **** #if key_exti
 206:APP/freertos.c ****     if (xQueueReceive(key0Queue, &key0_vaule, 100)) {
 207:APP/freertos.c ****       printf("key0\r\n");
 306              		.loc 1 207 7 is_stmt 1 view .LVU46
 307 0006 1548     		ldr	r0, .L25
 308 0008 FFF7FEFF 		bl	puts
 309              	.LVL22:
 310 000c 12E0     		b	.L17
 311              	.L23:
 208:APP/freertos.c ****     }
 209:APP/freertos.c ****     if (xQueueReceive(key1Queue, &key1_vaule, 100)) {
 210:APP/freertos.c ****       printf("key1\r\n");
 312              		.loc 1 210 7 view .LVU47
 313 000e 1448     		ldr	r0, .L25+4
 314 0010 FFF7FEFF 		bl	puts
 315              	.LVL23:
 316 0014 17E0     		b	.L18
 317              	.L24:
 211:APP/freertos.c ****     }
 212:APP/freertos.c ****     if (xQueueReceive(key2Queue, &key2_vaule, 100)) {
 213:APP/freertos.c ****       printf("key2\r\n");
 318              		.loc 1 213 7 view .LVU48
 319 0016 1348     		ldr	r0, .L25+8
 320 0018 FFF7FEFF 		bl	puts
 321              	.LVL24:
 322              	.L19:
 214:APP/freertos.c ****     }
 215:APP/freertos.c **** #else
 216:APP/freertos.c ****     key0_vaule = key_scan(1);
 217:APP/freertos.c ****     if (key0_vaule) {
 218:APP/freertos.c ****       printf("key0_vaule:%d\r\n", key0_vaule);
 219:APP/freertos.c ****       key0_vaule = 0;
 220:APP/freertos.c ****     } else
 221:APP/freertos.c **** #endif
 222:APP/freertos.c ****     vTaskDelay(150);
 323              		.loc 1 222 5 view .LVU49
 324 001c 9620     		movs	r0, #150
 325 001e FFF7FEFF 		bl	vTaskDelay
 326              	.LVL25:
 204:APP/freertos.c **** #if key_exti
 327              		.loc 1 204 9 view .LVU50
 328              	.L20:
 201:APP/freertos.c ****   uint8_t key1_vaule;
 329              		.loc 1 201 3 view .LVU51
 202:APP/freertos.c ****   uint8_t key2_vaule;
 330              		.loc 1 202 3 view .LVU52
ARM GAS  C:\Users\Aletter1\AppData\Local\Temp\cc720fef.s 			page 11


 203:APP/freertos.c ****   while (1) {
 331              		.loc 1 203 3 view .LVU53
 204:APP/freertos.c **** #if key_exti
 332              		.loc 1 204 3 view .LVU54
 206:APP/freertos.c ****       printf("key0\r\n");
 333              		.loc 1 206 5 view .LVU55
 206:APP/freertos.c ****       printf("key0\r\n");
 334              		.loc 1 206 9 is_stmt 0 view .LVU56
 335 0022 6422     		movs	r2, #100
 336 0024 0DF10701 		add	r1, sp, #7
 337 0028 0F4B     		ldr	r3, .L25+12
 338 002a 1868     		ldr	r0, [r3]
 339 002c FFF7FEFF 		bl	xQueueReceive
 340              	.LVL26:
 206:APP/freertos.c ****       printf("key0\r\n");
 341              		.loc 1 206 8 view .LVU57
 342 0030 0028     		cmp	r0, #0
 343 0032 E8D1     		bne	.L22
 344              	.L17:
 209:APP/freertos.c ****       printf("key1\r\n");
 345              		.loc 1 209 5 is_stmt 1 view .LVU58
 209:APP/freertos.c ****       printf("key1\r\n");
 346              		.loc 1 209 9 is_stmt 0 view .LVU59
 347 0034 6422     		movs	r2, #100
 348 0036 0DF10601 		add	r1, sp, #6
 349 003a 0C4B     		ldr	r3, .L25+16
 350 003c 1868     		ldr	r0, [r3]
 351 003e FFF7FEFF 		bl	xQueueReceive
 352              	.LVL27:
 209:APP/freertos.c ****       printf("key1\r\n");
 353              		.loc 1 209 8 view .LVU60
 354 0042 0028     		cmp	r0, #0
 355 0044 E3D1     		bne	.L23
 356              	.L18:
 212:APP/freertos.c ****       printf("key2\r\n");
 357              		.loc 1 212 5 is_stmt 1 view .LVU61
 212:APP/freertos.c ****       printf("key2\r\n");
 358              		.loc 1 212 9 is_stmt 0 view .LVU62
 359 0046 6422     		movs	r2, #100
 360 0048 0DF10501 		add	r1, sp, #5
 361 004c 084B     		ldr	r3, .L25+20
 362 004e 1868     		ldr	r0, [r3]
 363 0050 FFF7FEFF 		bl	xQueueReceive
 364              	.LVL28:
 212:APP/freertos.c ****       printf("key2\r\n");
 365              		.loc 1 212 8 view .LVU63
 366 0054 0028     		cmp	r0, #0
 367 0056 DED1     		bne	.L24
 368 0058 E0E7     		b	.L19
 369              	.L26:
 370 005a 00BF     		.align	2
 371              	.L25:
 372 005c 00000000 		.word	.LC6
 373 0060 08000000 		.word	.LC7
 374 0064 10000000 		.word	.LC8
 375 0068 00000000 		.word	key0Queue
 376 006c 00000000 		.word	key1Queue
ARM GAS  C:\Users\Aletter1\AppData\Local\Temp\cc720fef.s 			page 12


 377 0070 00000000 		.word	key2Queue
 378              		.cfi_endproc
 379              	.LFE145:
 381              		.section	.rodata.MX_FREERTOS_Init.str1.4,"aMS",%progbits,1
 382              		.align	2
 383              	.LC9:
 384 0000 73746172 		.ascii	"start_task\000"
 384      745F7461 
 384      736B00
 385              		.section	.text.MX_FREERTOS_Init,"ax",%progbits
 386              		.align	1
 387              		.global	MX_FREERTOS_Init
 388              		.syntax unified
 389              		.thumb
 390              		.thumb_func
 392              	MX_FREERTOS_Init:
 393              	.LFB141:
  96:APP/freertos.c ****   /* USER CODE BEGIN Init */
 394              		.loc 1 96 1 is_stmt 1 view -0
 395              		.cfi_startproc
 396              		@ args = 0, pretend = 0, frame = 0
 397              		@ frame_needed = 0, uses_anonymous_args = 0
 398 0000 00B5     		push	{lr}
 399              	.LCFI8:
 400              		.cfi_def_cfa_offset 4
 401              		.cfi_offset 14, -4
 402 0002 83B0     		sub	sp, sp, #12
 403              	.LCFI9:
 404              		.cfi_def_cfa_offset 16
 119:APP/freertos.c ****               (const char *)"start_task",
 405              		.loc 1 119 3 view .LVU65
 406 0004 074B     		ldr	r3, .L29
 407 0006 0193     		str	r3, [sp, #4]
 408 0008 0123     		movs	r3, #1
 409 000a 0093     		str	r3, [sp]
 410 000c 0023     		movs	r3, #0
 411 000e 8022     		movs	r2, #128
 412 0010 0549     		ldr	r1, .L29+4
 413 0012 0648     		ldr	r0, .L29+8
 414 0014 FFF7FEFF 		bl	xTaskCreate
 415              	.LVL29:
 125:APP/freertos.c **** 
 416              		.loc 1 125 3 view .LVU66
 417 0018 FFF7FEFF 		bl	vTaskStartScheduler
 418              	.LVL30:
 134:APP/freertos.c **** 
 419              		.loc 1 134 1 is_stmt 0 view .LVU67
 420 001c 03B0     		add	sp, sp, #12
 421              	.LCFI10:
 422              		.cfi_def_cfa_offset 4
 423              		@ sp needed
 424 001e 5DF804FB 		ldr	pc, [sp], #4
 425              	.L30:
 426 0022 00BF     		.align	2
 427              	.L29:
 428 0024 00000000 		.word	.LANCHOR3
 429 0028 00000000 		.word	.LC9
ARM GAS  C:\Users\Aletter1\AppData\Local\Temp\cc720fef.s 			page 13


 430 002c 00000000 		.word	start_task
 431              		.cfi_endproc
 432              	.LFE141:
 434              		.global	defaultTask_attributes
 435              		.section	.rodata.str1.4,"aMS",%progbits,1
 436              		.align	2
 437              	.LC10:
 438 0000 64656661 		.ascii	"defaultTask\000"
 438      756C7454 
 438      61736B00 
 439              		.global	defaultTaskHandle
 440              		.global	Task3Task_Handler
 441              		.global	Task2Task_Handler
 442              		.global	Task1Task_Handler
 443              		.global	StartTask_Handler
 444              		.section	.bss.StartTask_Handler,"aw",%nobits
 445              		.align	2
 446              		.set	.LANCHOR3,. + 0
 449              	StartTask_Handler:
 450 0000 00000000 		.space	4
 451              		.section	.bss.Task1Task_Handler,"aw",%nobits
 452              		.align	2
 453              		.set	.LANCHOR0,. + 0
 456              	Task1Task_Handler:
 457 0000 00000000 		.space	4
 458              		.section	.bss.Task2Task_Handler,"aw",%nobits
 459              		.align	2
 460              		.set	.LANCHOR1,. + 0
 463              	Task2Task_Handler:
 464 0000 00000000 		.space	4
 465              		.section	.bss.Task3Task_Handler,"aw",%nobits
 466              		.align	2
 467              		.set	.LANCHOR2,. + 0
 470              	Task3Task_Handler:
 471 0000 00000000 		.space	4
 472              		.section	.bss.defaultTaskHandle,"aw",%nobits
 473              		.align	2
 476              	defaultTaskHandle:
 477 0000 00000000 		.space	4
 478              		.section	.rodata.defaultTask_attributes,"a"
 479              		.align	2
 482              	defaultTask_attributes:
 483 0000 00000000 		.word	.LC10
 484 0004 00000000 		.space	16
 484      00000000 
 484      00000000 
 484      00000000 
 485 0014 00020000 		.word	512
 486 0018 18000000 		.word	24
 487 001c 00000000 		.space	8
 487      00000000 
 488              		.text
 489              	.Letext0:
 490              		.file 2 "d:\\program files (x86)\\gnutools\\gcc-arm-none-eabi-win32\\arm-none-eabi\\include\\machi
 491              		.file 3 "d:\\program files (x86)\\gnutools\\gcc-arm-none-eabi-win32\\arm-none-eabi\\include\\sys\\
 492              		.file 4 "Middlewares/Third_Party/FreeRTOS/Source/include/projdefs.h"
 493              		.file 5 "Middlewares/Third_Party/FreeRTOS/Source/portable/GCC/ARM_CM4F/portmacro.h"
ARM GAS  C:\Users\Aletter1\AppData\Local\Temp\cc720fef.s 			page 14


 494              		.file 6 "Middlewares/Third_Party/FreeRTOS/Source/include/task.h"
 495              		.file 7 "Drivers/CMSIS/Device/ST/STM32F4xx/Include/stm32f407xx.h"
 496              		.file 8 "Drivers/STM32F4xx_HAL_Driver/Inc/stm32f4xx_hal_def.h"
 497              		.file 9 "Drivers/STM32F4xx_HAL_Driver/Inc/stm32f4xx_hal_dma.h"
 498              		.file 10 "Drivers/STM32F4xx_HAL_Driver/Inc/stm32f4xx_hal_uart.h"
 499              		.file 11 "Middlewares/Third_Party/FreeRTOS/Source/CMSIS_RTOS_V2/cmsis_os2.h"
 500              		.file 12 "Middlewares/Third_Party/FreeRTOS/Source/include/queue.h"
 501              		.file 13 "Middlewares/Third_Party/FreeRTOS/Source/include/semphr.h"
 502              		.file 14 "BSP/Inc/usart.h"
 503              		.file 15 "BSP/Inc/exti.h"
 504              		.file 16 "d:\\program files (x86)\\gnutools\\gcc-arm-none-eabi-win32\\arm-none-eabi\\include\\stdi
 505              		.file 17 "<built-in>"
ARM GAS  C:\Users\Aletter1\AppData\Local\Temp\cc720fef.s 			page 15


DEFINED SYMBOLS
                            *ABS*:00000000 freertos.c
C:\Users\Aletter1\AppData\Local\Temp\cc720fef.s:20     .rodata.start_task.str1.4:00000000 $d
C:\Users\Aletter1\AppData\Local\Temp\cc720fef.s:30     .text.start_task:00000000 $t
C:\Users\Aletter1\AppData\Local\Temp\cc720fef.s:36     .text.start_task:00000000 start_task
C:\Users\Aletter1\AppData\Local\Temp\cc720fef.s:107    .text.start_task:00000058 $d
C:\Users\Aletter1\AppData\Local\Temp\cc720fef.s:127    .text.task1:00000000 task1
C:\Users\Aletter1\AppData\Local\Temp\cc720fef.s:170    .text.task2:00000000 task2
C:\Users\Aletter1\AppData\Local\Temp\cc720fef.s:287    .text.task3:00000000 task3
C:\Users\Aletter1\AppData\Local\Temp\cc720fef.s:121    .text.task1:00000000 $t
C:\Users\Aletter1\AppData\Local\Temp\cc720fef.s:154    .rodata.task2.str1.4:00000000 $d
C:\Users\Aletter1\AppData\Local\Temp\cc720fef.s:164    .text.task2:00000000 $t
C:\Users\Aletter1\AppData\Local\Temp\cc720fef.s:263    .text.task2:00000054 $d
C:\Users\Aletter1\AppData\Local\Temp\cc720fef.s:271    .rodata.task3.str1.4:00000000 $d
C:\Users\Aletter1\AppData\Local\Temp\cc720fef.s:281    .text.task3:00000000 $t
C:\Users\Aletter1\AppData\Local\Temp\cc720fef.s:372    .text.task3:0000005c $d
C:\Users\Aletter1\AppData\Local\Temp\cc720fef.s:382    .rodata.MX_FREERTOS_Init.str1.4:00000000 $d
C:\Users\Aletter1\AppData\Local\Temp\cc720fef.s:386    .text.MX_FREERTOS_Init:00000000 $t
C:\Users\Aletter1\AppData\Local\Temp\cc720fef.s:392    .text.MX_FREERTOS_Init:00000000 MX_FREERTOS_Init
C:\Users\Aletter1\AppData\Local\Temp\cc720fef.s:428    .text.MX_FREERTOS_Init:00000024 $d
C:\Users\Aletter1\AppData\Local\Temp\cc720fef.s:482    .rodata.defaultTask_attributes:00000000 defaultTask_attributes
C:\Users\Aletter1\AppData\Local\Temp\cc720fef.s:436    .rodata.str1.4:00000000 $d
C:\Users\Aletter1\AppData\Local\Temp\cc720fef.s:476    .bss.defaultTaskHandle:00000000 defaultTaskHandle
C:\Users\Aletter1\AppData\Local\Temp\cc720fef.s:470    .bss.Task3Task_Handler:00000000 Task3Task_Handler
C:\Users\Aletter1\AppData\Local\Temp\cc720fef.s:463    .bss.Task2Task_Handler:00000000 Task2Task_Handler
C:\Users\Aletter1\AppData\Local\Temp\cc720fef.s:456    .bss.Task1Task_Handler:00000000 Task1Task_Handler
C:\Users\Aletter1\AppData\Local\Temp\cc720fef.s:449    .bss.StartTask_Handler:00000000 StartTask_Handler
C:\Users\Aletter1\AppData\Local\Temp\cc720fef.s:445    .bss.StartTask_Handler:00000000 $d
C:\Users\Aletter1\AppData\Local\Temp\cc720fef.s:452    .bss.Task1Task_Handler:00000000 $d
C:\Users\Aletter1\AppData\Local\Temp\cc720fef.s:459    .bss.Task2Task_Handler:00000000 $d
C:\Users\Aletter1\AppData\Local\Temp\cc720fef.s:466    .bss.Task3Task_Handler:00000000 $d
C:\Users\Aletter1\AppData\Local\Temp\cc720fef.s:473    .bss.defaultTaskHandle:00000000 $d
C:\Users\Aletter1\AppData\Local\Temp\cc720fef.s:479    .rodata.defaultTask_attributes:00000000 $d

UNDEFINED SYMBOLS
vPortEnterCritical
xTaskCreate
EXTI_Queue_Init
vTaskDelete
vPortExitCritical
vTaskDelay
puts
printf
memset
stm32_uart1
xQueueReceive
key0Queue
key1Queue
key2Queue
vTaskStartScheduler
